2025-11-18 11:02:18,341 - INFO - openpyxl cargado correctamente
2025-11-18 11:02:18,384 - INFO - python-dateutil cargado correctamente
2025-11-18 11:02:19,659 - INFO - xlwings disponible
2025-11-18 11:02:20,557 - INFO - Interfaz gráfica iniciada correctamente
2025-11-18 11:02:20,558 - INFO - Log guardándose en: logs\limpiador_20251118_110217.log
2025-11-18 11:02:24,509 - INFO - Carpeta seleccionada: C:/Users/Usuario/Downloads/paralimpiar
2025-11-18 11:02:24,509 - INFO - Iniciando procesamiento de carpeta: C:/Users/Usuario/Downloads/paralimpiar
2025-11-18 11:02:33,171 - INFO - Subcarpeta creada: limpios\2.0
2025-11-18 11:02:33,172 - INFO - Archivos encontrados: 3
2025-11-18 11:02:33,174 - INFO - Iniciando procesamiento de 3 archivos...
2025-11-18 11:02:33,175 - INFO - [1/3] Procesando: DESAGREGACIÓN_GERENTE_PÚBLICO_082025..XLSX 01-MAIL-Anexos Respuestas Internas - No. 9-2025-094866 - N (1).xlsx
2025-11-18 11:02:33,178 - INFO - Tamaño de archivo: 0.08 MB
2025-11-18 11:02:33,179 - INFO - ============================================================
2025-11-18 11:02:33,179 - INFO - Iniciando procesamiento: C:/Users/Usuario/Downloads/paralimpiar\DESAGREGACIÓN_GERENTE_PÚBLICO_082025..XLSX 01-MAIL-Anexos Respuestas Internas - No. 9-2025-094866 - N (1).xlsx
2025-11-18 11:02:33,181 - INFO - Modo xlwings: False
2025-11-18 11:02:33,181 - INFO - Iniciando proceso openpyxl para: C:/Users/Usuario/Downloads/paralimpiar\DESAGREGACIÓN_GERENTE_PÚBLICO_082025..XLSX 01-MAIL-Anexos Respuestas Internas - No. 9-2025-094866 - N (1).xlsx
2025-11-18 11:02:33,182 - INFO - Tamaño de archivo: 0.08 MB
2025-11-18 11:02:33,182 - INFO - Intentando obtener valores con xlwings...
2025-11-18 11:02:35,397 - INFO - Valores obtenidos con xlwings exitosamente
2025-11-18 11:02:35,398 - INFO - Cargando workbook con estilos...
2025-11-18 11:02:35,557 - INFO - Creando workbook de valores desde xlwings...
2025-11-18 11:02:35,601 - INFO - Creando nuevo workbook...
2025-11-18 11:02:35,603 - INFO - Procesando hoja 1/4: CONSOLIDADO
2025-11-18 11:02:35,609 - INFO - Procesando hoja 'CONSOLIDADO': 62 filas x 65 columnas
2025-11-18 11:02:37,815 - INFO - Procesando hoja 2/4: APORTES
2025-11-18 11:02:37,816 - INFO - Procesando hoja 'APORTES': 46 filas x 21 columnas
2025-11-18 11:02:38,395 - INFO - Procesando hoja 3/4: FIC
2025-11-18 11:02:38,397 - INFO - Procesando hoja 'FIC': 56 filas x 21 columnas
2025-11-18 11:02:39,113 - INFO - Procesando hoja 4/4: CA
2025-11-18 11:02:39,115 - INFO - Procesando hoja 'CA': 56 filas x 25 columnas
2025-11-18 11:02:39,919 - INFO - Guardando archivo en: limpios\2.0\DESAGREGACIÓN_GERENTE_PÚBLICO_082025..XLSX 01-MAIL-Anexos Respuestas Internas - No. 9-2025-094866 - N (1).xlsx
2025-11-18 11:02:40,231 - INFO - Proceso openpyxl completado: limpios\2.0\DESAGREGACIÓN_GERENTE_PÚBLICO_082025..XLSX 01-MAIL-Anexos Respuestas Internas - No. 9-2025-094866 - N (1).xlsx
2025-11-18 11:02:40,235 - INFO - ✓ Archivo procesado exitosamente: limpios\2.0\DESAGREGACIÓN_GERENTE_PÚBLICO_082025..XLSX 01-MAIL-Anexos Respuestas Internas - No. 9-2025-094866 - N (1).xlsx
2025-11-18 11:02:40,237 - INFO - [2/3] Procesando: DESAGREGACIÓN_GERENTE_PÚBLICO_082025..XLSX 01-MAIL-Anexos Respuestas Internas - No. 9-2025-094866 - N.xlsx
2025-11-18 11:02:40,239 - INFO - Tamaño de archivo: 0.08 MB
2025-11-18 11:02:40,239 - INFO - ============================================================
2025-11-18 11:02:40,239 - INFO - Iniciando procesamiento: C:/Users/Usuario/Downloads/paralimpiar\DESAGREGACIÓN_GERENTE_PÚBLICO_082025..XLSX 01-MAIL-Anexos Respuestas Internas - No. 9-2025-094866 - N.xlsx
2025-11-18 11:02:40,240 - INFO - Modo xlwings: False
2025-11-18 11:02:40,240 - INFO - Iniciando proceso openpyxl para: C:/Users/Usuario/Downloads/paralimpiar\DESAGREGACIÓN_GERENTE_PÚBLICO_082025..XLSX 01-MAIL-Anexos Respuestas Internas - No. 9-2025-094866 - N.xlsx
2025-11-18 11:02:40,241 - INFO - Tamaño de archivo: 0.08 MB
2025-11-18 11:02:40,242 - INFO - Intentando obtener valores con xlwings...
2025-11-18 11:02:42,042 - INFO - Valores obtenidos con xlwings exitosamente
2025-11-18 11:02:42,044 - INFO - Cargando workbook con estilos...
2025-11-18 11:02:42,209 - INFO - Creando workbook de valores desde xlwings...
2025-11-18 11:02:42,247 - INFO - Creando nuevo workbook...
2025-11-18 11:02:42,249 - INFO - Procesando hoja 1/4: CONSOLIDADO
2025-11-18 11:02:42,255 - INFO - Procesando hoja 'CONSOLIDADO': 62 filas x 65 columnas
2025-11-18 11:02:44,490 - INFO - Procesando hoja 2/4: APORTES
2025-11-18 11:02:44,492 - INFO - Procesando hoja 'APORTES': 46 filas x 21 columnas
2025-11-18 11:02:45,119 - INFO - Procesando hoja 3/4: FIC
2025-11-18 11:02:45,121 - INFO - Procesando hoja 'FIC': 56 filas x 21 columnas
2025-11-18 11:02:45,858 - INFO - Procesando hoja 4/4: CA
2025-11-18 11:02:45,859 - INFO - Procesando hoja 'CA': 56 filas x 25 columnas
2025-11-18 11:02:46,714 - INFO - Guardando archivo en: limpios\2.0\DESAGREGACIÓN_GERENTE_PÚBLICO_082025..XLSX 01-MAIL-Anexos Respuestas Internas - No. 9-2025-094866 - N.xlsx
2025-11-18 11:02:46,995 - INFO - Proceso openpyxl completado: limpios\2.0\DESAGREGACIÓN_GERENTE_PÚBLICO_082025..XLSX 01-MAIL-Anexos Respuestas Internas - No. 9-2025-094866 - N.xlsx
2025-11-18 11:02:46,996 - INFO - ✓ Archivo procesado exitosamente: limpios\2.0\DESAGREGACIÓN_GERENTE_PÚBLICO_082025..XLSX 01-MAIL-Anexos Respuestas Internas - No. 9-2025-094866 - N.xlsx
2025-11-18 11:02:46,998 - INFO - [3/3] Procesando: Reporte FINAL Cartera octubre 2025.xlsx
2025-11-18 11:02:47,000 - INFO - Tamaño de archivo: 1.88 MB
2025-11-18 11:02:47,000 - INFO - ============================================================
2025-11-18 11:02:47,001 - INFO - Iniciando procesamiento: C:/Users/Usuario/Downloads/paralimpiar\Reporte FINAL Cartera octubre 2025.xlsx
2025-11-18 11:02:47,001 - INFO - Modo xlwings: False
2025-11-18 11:02:47,002 - INFO - Iniciando proceso openpyxl para: C:/Users/Usuario/Downloads/paralimpiar\Reporte FINAL Cartera octubre 2025.xlsx
2025-11-18 11:02:47,003 - INFO - Tamaño de archivo: 1.88 MB
2025-11-18 11:02:47,003 - INFO - Intentando obtener valores con xlwings...
2025-11-18 11:02:49,826 - INFO - Valores obtenidos con xlwings exitosamente
2025-11-18 11:02:49,827 - INFO - Cargando workbook con estilos...
2025-11-18 11:02:53,780 - INFO - Creando workbook de valores desde xlwings...
2025-11-18 11:02:57,669 - INFO - Creando nuevo workbook...
2025-11-18 11:02:57,670 - INFO - Procesando hoja 1/1: Reporte_Historico_de_Cartera (2
2025-11-18 11:02:57,926 - INFO - Procesando hoja 'Reporte_Historico_de_Cartera (2': 5400 filas x 63 columnas
2025-11-18 11:06:39,003 - INFO - Guardando archivo en: limpios\2.0\Reporte FINAL Cartera octubre 2025.xlsx
2025-11-18 11:06:46,562 - INFO - Proceso openpyxl completado: limpios\2.0\Reporte FINAL Cartera octubre 2025.xlsx
2025-11-18 11:06:46,592 - INFO - ✓ Archivo procesado exitosamente: limpios\2.0\Reporte FINAL Cartera octubre 2025.xlsx
2025-11-18 11:06:46,600 - INFO - Proceso finalizado. Exitosos: 3, Errores: 0
2025-11-18 11:06:49,911 - INFO - Abriendo carpeta: C:\Users\Usuario\Downloads\Programa de limpieza\limpios
