2025-11-18 14:45:15,517 - INFO - openpyxl cargado correctamente
2025-11-18 14:45:15,559 - INFO - python-dateutil cargado correctamente
2025-11-18 14:45:19,244 - INFO - xlwings disponible
2025-11-18 14:45:20,602 - INFO - Interfaz gráfica iniciada correctamente
2025-11-18 14:45:20,603 - INFO - Log guardándose en: logs\limpiador_20251118_144513.log
2025-11-18 14:45:23,465 - INFO - Usuario canceló selección de carpeta
2025-11-18 14:45:41,152 - INFO - Carpeta seleccionada: C:/Users/Usuario/Downloads/paralimpiar
2025-11-18 14:45:41,153 - INFO - Iniciando procesamiento de carpeta: C:/Users/Usuario/Downloads/paralimpiar
2025-11-18 14:45:43,023 - INFO - Archivos encontrados: 1
2025-11-18 14:45:43,024 - INFO - Iniciando procesamiento de 1 archivos...
2025-11-18 14:45:43,025 - INFO - [1/1] Procesando: DESAGREGACIÓN_GERENTE_PÚBLICO_102025.XLSX 01-MAIL-Anexos Respuestas Internas - No. 9-2025-104794 - NI.xlsx
2025-11-18 14:45:43,029 - INFO - Tamaño de archivo: 0.08 MB
2025-11-18 14:45:43,029 - INFO - ============================================================
2025-11-18 14:45:43,030 - INFO - Iniciando procesamiento: C:/Users/Usuario/Downloads/paralimpiar\DESAGREGACIÓN_GERENTE_PÚBLICO_102025.XLSX 01-MAIL-Anexos Respuestas Internas - No. 9-2025-104794 - NI.xlsx
2025-11-18 14:45:43,032 - INFO - Modo xlwings: False
2025-11-18 14:45:43,033 - INFO - Iniciando proceso openpyxl para: C:/Users/Usuario/Downloads/paralimpiar\DESAGREGACIÓN_GERENTE_PÚBLICO_102025.XLSX 01-MAIL-Anexos Respuestas Internas - No. 9-2025-104794 - NI.xlsx
2025-11-18 14:45:43,034 - INFO - Tamaño de archivo: 0.08 MB
2025-11-18 14:45:43,034 - INFO - Intentando obtener valores con xlwings...
2025-11-18 14:45:45,468 - INFO - Valores obtenidos con xlwings exitosamente
2025-11-18 14:45:45,469 - INFO - Cargando workbook con estilos...
2025-11-18 14:45:45,629 - INFO - Creando workbook de valores desde xlwings...
2025-11-18 14:45:45,671 - INFO - Creando nuevo workbook...
2025-11-18 14:45:45,673 - INFO - Procesando hoja 1/4: CONSOLIDADO
2025-11-18 14:45:45,679 - INFO - Procesando hoja 'CONSOLIDADO': 62 filas x 65 columnas
2025-11-18 14:45:47,911 - INFO - Procesando hoja 2/4: APORTES
2025-11-18 14:45:47,913 - INFO - Procesando hoja 'APORTES': 46 filas x 21 columnas
2025-11-18 14:45:48,567 - INFO - Procesando hoja 3/4: FIC
2025-11-18 14:45:48,568 - INFO - Procesando hoja 'FIC': 56 filas x 21 columnas
2025-11-18 14:45:49,196 - INFO - Procesando hoja 4/4: CA
2025-11-18 14:45:49,198 - INFO - Procesando hoja 'CA': 56 filas x 25 columnas
2025-11-18 14:45:50,041 - INFO - Guardando archivo en: limpios\DESAGREGACIÓN_GERENTE_PÚBLICO_102025.XLSX 01-MAIL-Anexos Respuestas Internas - No. 9-2025-104794 - NI.xlsx
2025-11-18 14:45:50,327 - INFO - Proceso openpyxl completado: limpios\DESAGREGACIÓN_GERENTE_PÚBLICO_102025.XLSX 01-MAIL-Anexos Respuestas Internas - No. 9-2025-104794 - NI.xlsx
2025-11-18 14:45:50,331 - INFO - ✓ Archivo procesado exitosamente: limpios\DESAGREGACIÓN_GERENTE_PÚBLICO_102025.XLSX 01-MAIL-Anexos Respuestas Internas - No. 9-2025-104794 - NI.xlsx
2025-11-18 14:45:50,334 - INFO - Proceso finalizado. Exitosos: 1, Errores: 0
2025-11-18 14:46:07,147 - INFO - Abriendo carpeta: C:\Users\Usuario\Downloads\Programa de limpieza\limpios
