2025-12-11 16:13:27,095 - INFO - openpyxl cargado correctamente
2025-12-11 16:13:27,128 - INFO - python-dateutil cargado correctamente
2025-12-11 16:13:28,066 - INFO - xlwings disponible
2025-12-11 16:13:28,864 - INFO - Interfaz gráfica iniciada correctamente
2025-12-11 16:13:28,865 - INFO - Log guardándose en: logs\limpiador_20251211_161326.log
2025-12-11 16:13:30,527 - INFO - Abriendo carpeta: C:\Users\Usuario\Downloads\programas\Programa de limpieza\limpios
2025-12-11 16:13:39,612 - INFO - Carpeta seleccionada: C:/Users/Usuario/Downloads/para limpiar
2025-12-11 16:13:39,615 - INFO - Iniciando procesamiento de carpeta: C:/Users/Usuario/Downloads/para limpiar
2025-12-11 16:13:41,059 - INFO - Archivos encontrados: 1
2025-12-11 16:13:41,062 - INFO - Iniciando procesamiento de 1 archivos...
2025-12-11 16:13:41,066 - INFO - [1/1] Procesando: DESAGREGACIÓN_GERENTE_PÚBLICO_102025._.xlsx
2025-12-11 16:13:41,068 - INFO - Tamaño de archivo: 0.08 MB
2025-12-11 16:13:41,071 - INFO - ============================================================
2025-12-11 16:13:41,074 - INFO - Iniciando procesamiento: C:/Users/Usuario/Downloads/para limpiar\DESAGREGACIÓN_GERENTE_PÚBLICO_102025._.xlsx
2025-12-11 16:13:41,076 - INFO - Modo xlwings: False
2025-12-11 16:13:41,077 - INFO - Iniciando proceso openpyxl para: C:/Users/Usuario/Downloads/para limpiar\DESAGREGACIÓN_GERENTE_PÚBLICO_102025._.xlsx
2025-12-11 16:13:41,079 - INFO - Tamaño de archivo: 0.08 MB
2025-12-11 16:13:41,080 - INFO - Intentando obtener valores con xlwings...
2025-12-11 16:13:43,213 - INFO - Valores obtenidos con xlwings exitosamente
2025-12-11 16:13:43,213 - INFO - Cargando workbook con estilos...
2025-12-11 16:13:43,365 - INFO - Creando workbook de valores desde xlwings...
2025-12-11 16:13:43,406 - INFO - Creando nuevo workbook...
2025-12-11 16:13:43,408 - INFO - Procesando hoja 1/4: CONSOLIDADO
2025-12-11 16:13:43,414 - INFO - Procesando hoja 'CONSOLIDADO': 62 filas x 65 columnas
2025-12-11 16:13:45,616 - INFO - Procesando hoja 2/4: APORTES
2025-12-11 16:13:45,618 - INFO - Procesando hoja 'APORTES': 46 filas x 21 columnas
2025-12-11 16:13:46,253 - INFO - Procesando hoja 3/4: FIC
2025-12-11 16:13:46,256 - INFO - Procesando hoja 'FIC': 56 filas x 21 columnas
2025-12-11 16:13:46,976 - INFO - Procesando hoja 4/4: CA
2025-12-11 16:13:46,977 - INFO - Procesando hoja 'CA': 56 filas x 25 columnas
2025-12-11 16:13:47,799 - INFO - Guardando archivo en: limpios\DESAGREGACIÓN_GERENTE_PÚBLICO_102025._.xlsx
2025-12-11 16:13:48,094 - INFO - Proceso openpyxl completado: limpios\DESAGREGACIÓN_GERENTE_PÚBLICO_102025._.xlsx
2025-12-11 16:13:48,097 - INFO - ✓ Archivo procesado exitosamente: limpios\DESAGREGACIÓN_GERENTE_PÚBLICO_102025._.xlsx
2025-12-11 16:13:48,100 - INFO - Proceso finalizado. Exitosos: 1, Errores: 0
2025-12-11 16:13:53,200 - INFO - Usuario canceló selección de carpeta
2025-12-11 16:14:09,649 - INFO - Carpeta seleccionada: C:/Users/Usuario/Downloads/para limpiar
2025-12-11 16:14:09,649 - INFO - Iniciando procesamiento de carpeta: C:/Users/Usuario/Downloads/para limpiar
2025-12-11 16:14:11,020 - INFO - Archivos encontrados: 1
2025-12-11 16:14:11,022 - INFO - Iniciando procesamiento de 1 archivos...
2025-12-11 16:14:11,023 - INFO - [1/1] Procesando: Reporte de liquidaciones Corte 04-Dic.xlsx
2025-12-11 16:14:11,026 - INFO - Tamaño de archivo: 6.24 MB
2025-12-11 16:14:11,026 - INFO - ============================================================
2025-12-11 16:14:11,027 - INFO - Iniciando procesamiento: C:/Users/Usuario/Downloads/para limpiar\Reporte de liquidaciones Corte 04-Dic.xlsx
2025-12-11 16:14:11,027 - INFO - Modo xlwings: False
2025-12-11 16:14:11,028 - INFO - Iniciando proceso openpyxl para: C:/Users/Usuario/Downloads/para limpiar\Reporte de liquidaciones Corte 04-Dic.xlsx
2025-12-11 16:14:11,029 - INFO - Tamaño de archivo: 6.24 MB
2025-12-11 16:14:11,029 - INFO - Intentando obtener valores con xlwings...
2025-12-11 16:14:23,606 - INFO - Valores obtenidos con xlwings exitosamente
2025-12-11 16:14:23,607 - INFO - Cargando workbook con estilos...
2025-12-11 16:14:37,696 - INFO - Creando workbook de valores desde xlwings...
2025-12-11 16:15:09,983 - INFO - Creando nuevo workbook...
2025-12-11 16:15:09,985 - INFO - Procesando hoja 1/1: Reporte_de_Liquidaciónes
2025-12-11 16:15:10,690 - INFO - Procesando hoja 'Reporte_de_Liquidaciónes': 32334 filas x 30 columnas
